Build started 1/18/2015 5:01:13 PM.
     1>Project "D:\programming\home_work\projects\IS_Sim\InstructionSetSimulator\is_simulator\is_simulator.vcxproj" on node 2 (Build target(s)).
     1>ClCompile:
         C:\Program Files (x86)\Microsoft Visual Studio 11.0\VC\bin\CL.exe /c /ZI /nologo /W3 /WX- /Od /Oy- /D _CRT_SECURE_NO_WARNINGS /D _MBCS /Gm /EHsc /RTC1 /MDd /GS /fp:precise /Zc:wchar_t /Zc:forScope /Fo"Debug\\" /Fd"Debug\vc110.pdb" /Gd /TC /analyze- /errorReport:prompt cmd_parser.c file_reader.c main.c state_machine.c
         state_machine.c
         main.c
         file_reader.c
     1>d:\programming\home_work\projects\is_sim\instructionsetsimulator\is_simulator\file_reader.c(19): warning C4172: returning address of local variable or temporary
     1>d:\programming\home_work\projects\is_sim\instructionsetsimulator\is_simulator\file_reader.c(50): warning C4172: returning address of local variable or temporary
         cmd_parser.c
         Generating Code...
     1>d:\programming\home_work\projects\is_sim\instructionsetsimulator\is_simulator\cmd_parser.c(51): warning C4716: 'GetArg' : must return a value
       Link:
         C:\Program Files (x86)\Microsoft Visual Studio 11.0\VC\bin\link.exe /ERRORREPORT:PROMPT /OUT:"D:\programming\home_work\projects\IS_Sim\InstructionSetSimulator\Debug\is_simulator.exe" /INCREMENTAL /NOLOGO kernel32.lib user32.lib gdi32.lib winspool.lib comdlg32.lib advapi32.lib shell32.lib ole32.lib oleaut32.lib uuid.lib odbc32.lib odbccp32.lib /MANIFEST /MANIFESTUAC:"level='asInvoker' uiAccess='false'" /manifest:embed /DEBUG /PDB:"D:\programming\home_work\projects\IS_Sim\InstructionSetSimulator\Debug\is_simulator.pdb" /TLBID:1 /DYNAMICBASE /NXCOMPAT /IMPLIB:"D:\programming\home_work\projects\IS_Sim\InstructionSetSimulator\Debug\is_simulator.lib" /MACHINE:X86 Debug\cmd_parser.obj
         Debug\file_reader.obj
         Debug\main.obj
         Debug\state_machine.obj
     1>state_machine.obj : error LNK2005: _GetCommand already defined in cmd_parser.obj
     1>state_machine.obj : error LNK2005: _commands already defined in cmd_parser.obj
     1>D:\programming\home_work\projects\IS_Sim\InstructionSetSimulator\Debug\is_simulator.exe : fatal error LNK1169: one or more multiply defined symbols found
     1>Done Building Project "D:\programming\home_work\projects\IS_Sim\InstructionSetSimulator\is_simulator\is_simulator.vcxproj" (Build target(s)) -- FAILED.

Build FAILED.

Time Elapsed 00:00:00.83
